START-OF-LOG: 3.0
LOCATION: DX
CALLSIGN: BI1JBW
CLUB:  
CONTEST: WAPC-DX
CATEGORY-OPERATOR: SINGLE-OP
CATEGORY-ASSISTED: ASSISTED
CATEGORY-BAND: 40M
CATEGORY-MODE: SSB
CATEGORY-POWER: LOW
CATEGORY-STATION: FIXED
CATEGORY-TRANSMITTER: ONE
CLAIMED-SCORE: 112
OPERATORS: BI1JBW
NAME: Ji
ADDRESS: 
ADDRESS-CITY: Beijing
ADDRESS-STATE-PROVINCE: 
ADDRESS-POSTALCODE: 
ADDRESS-COUNTRY: China
EMAIL: osonic@hotmail.com
CREATED-BY: N1MM Logger+ 1.0.8293.0
QSO:  7050 PH 2020-04-18 0609 BI1JBW        59   BJ   BI1MKA        59   BJ   
QSO:  7050 PH 2020-04-18 0615 BI1JBW        59   BJ   BG9MEK        59   NX   
QSO:  7057 PH 2020-04-18 0634 BI1JBW        59   BJ   BH2UNV        59   LN   
QSO:  7059 PH 2020-04-18 1148 BI1JBW        59   BJ   BG2TAA        59   LN   
QSO:  7103 PH 2020-04-18 1346 BI1JBW        59   BJ   BG4AMV        59   SH   
QSO:  7067 PH 2020-04-18 1450 BI1JBW        59   BJ   BI4WWO        59   JS   
QSO:  7050 PH 2020-04-18 1517 BI1JBW        59   BJ   BH1CKB        59   BJ   
QSO:  7060 PH 2020-04-19 0247 BI1JBW        59   BJ   BH3SKK        59   SX   
END-OF-LOG:
